<?xml version="1.0" encoding="UTF-8"?>
<coverage generated="1582725743842" clover="3.2.0">
  <project timestamp="1582725743842" name="All files">
    <metrics statements="5" coveredstatements="2" conditionals="2" coveredconditionals="2" methods="4" coveredmethods="1" elements="11" coveredelements="5" complexity="0" loc="5" ncloc="5" packages="1" files="1" classes="1"/>
    <file name="Button.js" path="/home/andrew/workspace/attinap/src/components/Button.js">
      <metrics statements="5" coveredstatements="2" conditionals="2" coveredconditionals="2" methods="4" coveredmethods="1"/>
      <line num="3" count="1" type="stmt"/>
      <line num="4" count="5" type="stmt"/>
      <line num="6" count="0" type="stmt"/>
      <line num="10" count="0" type="stmt"/>
      <line num="14" count="0" type="stmt"/>
    </file>
  </project>
</coverage>
