{"/home/andrew/workspace/attinap/src/components/Button.js": {"path":"/home/andrew/workspace/attinap/src/components/Button.js","statementMap":{"0":{"start":{"line":3,"column":15},"end":{"line":20,"column":1}},"1":{"start":{"line":4,"column":4},"end":{"line":19,"column":5}},"2":{"start":{"line":6,"column":35},"end":{"line":6,"column":53}},"3":{"start":{"line":10,"column":43},"end":{"line":10,"column":61}},"4":{"start":{"line":14,"column":43},"end":{"line":14,"column":58}}},"fnMap":{"0":{"name":"(anonymous_0)","decl":{"start":{"line":3,"column":15},"end":{"line":3,"column":16}},"loc":{"start":{"line":3,"column":24},"end":{"line":20,"column":1}},"line":3},"1":{"name":"(anonymous_1)","decl":{"start":{"line":6,"column":29},"end":{"line":6,"column":30}},"loc":{"start":{"line":6,"column":35},"end":{"line":6,"column":53}},"line":6},"2":{"name":"(anonymous_2)","decl":{"start":{"line":10,"column":37},"end":{"line":10,"column":38}},"loc":{"start":{"line":10,"column":43},"end":{"line":10,"column":61}},"line":10},"3":{"name":"(anonymous_3)","decl":{"start":{"line":14,"column":37},"end":{"line":14,"column":38}},"loc":{"start":{"line":14,"column":43},"end":{"line":14,"column":58}},"line":14}},"branchMap":{"0":{"loc":{"start":{"line":15,"column":21},"end":{"line":15,"column":67}},"type":"cond-expr","locations":[{"start":{"line":15,"column":41},"end":{"line":15,"column":54}},{"start":{"line":15,"column":57},"end":{"line":15,"column":67}}],"line":15}},"s":{"0":1,"1":5,"2":0,"3":0,"4":0},"f":{"0":5,"1":0,"2":0,"3":0},"b":{"0":[1,4]},"_coverageSchema":"1a1c01bbd47fc00a2c39e90264f33305004495a9","hash":"b295d3565f9ed7d4a1d0072c8572de94fa346c92"}
,"/home/andrew/workspace/attinap/src/components/TickTock.js": {"path":"/home/andrew/workspace/attinap/src/components/TickTock.js","statementMap":{"0":{"start":{"line":4,"column":17},"end":{"line":16,"column":1}},"1":{"start":{"line":5,"column":4},"end":{"line":15,"column":5}},"2":{"start":{"line":10,"column":43},"end":{"line":10,"column":74}}},"fnMap":{"0":{"name":"(anonymous_0)","decl":{"start":{"line":4,"column":17},"end":{"line":4,"column":18}},"loc":{"start":{"line":4,"column":26},"end":{"line":16,"column":1}},"line":4},"1":{"name":"(anonymous_1)","decl":{"start":{"line":10,"column":26},"end":{"line":10,"column":27}},"loc":{"start":{"line":10,"column":43},"end":{"line":10,"column":74}},"line":10}},"branchMap":{},"s":{"0":1,"1":1,"2":0},"f":{"0":1,"1":0},"b":{},"_coverageSchema":"1a1c01bbd47fc00a2c39e90264f33305004495a9","hash":"2c35aebf9eb4b73af91811ca4368bf8a25a6a90c"}
}
