{"/home/andrew/workspace/attinap/src/App.js": {"path":"/home/andrew/workspace/attinap/src/App.js","statementMap":{"0":{"start":{"line":14,"column":8},"end":{"line":14,"column":20}},"1":{"start":{"line":15,"column":8},"end":{"line":26,"column":9}},"2":{"start":{"line":28,"column":8},"end":{"line":28,"column":56}},"3":{"start":{"line":29,"column":8},"end":{"line":29,"column":66}},"4":{"start":{"line":33,"column":27},"end":{"line":33,"column":54}},"5":{"start":{"line":34,"column":8},"end":{"line":42,"column":10}},"6":{"start":{"line":35,"column":12},"end":{"line":41,"column":13}},"7":{"start":{"line":36,"column":16},"end":{"line":40,"column":18}},"8":{"start":{"line":46,"column":20},"end":{"line":46,"column":30}},"9":{"start":{"line":47,"column":25},"end":{"line":47,"column":53}},"10":{"start":{"line":48,"column":20},"end":{"line":48,"column":66}},"11":{"start":{"line":49,"column":21},"end":{"line":49,"column":51}},"12":{"start":{"line":51,"column":8},"end":{"line":58,"column":9}},"13":{"start":{"line":63,"column":27},"end":{"line":65,"column":10}},"14":{"start":{"line":64,"column":12},"end":{"line":64,"column":40}},"15":{"start":{"line":67,"column":8},"end":{"line":67,"column":41}},"16":{"start":{"line":71,"column":27},"end":{"line":71,"column":43}},"17":{"start":{"line":72,"column":20},"end":{"line":72,"column":43}},"18":{"start":{"line":73,"column":21},"end":{"line":73,"column":58}},"19":{"start":{"line":75,"column":8},"end":{"line":75,"column":38}},"20":{"start":{"line":77,"column":8},"end":{"line":77,"column":26}},"21":{"start":{"line":79,"column":8},"end":{"line":79,"column":47}},"22":{"start":{"line":83,"column":8},"end":{"line":85,"column":33}},"23":{"start":{"line":89,"column":8},"end":{"line":89,"column":49}},"24":{"start":{"line":93,"column":24},"end":{"line":93,"column":45}},"25":{"start":{"line":94,"column":25},"end":{"line":94,"column":64}},"26":{"start":{"line":96,"column":8},"end":{"line":96,"column":72}},"27":{"start":{"line":101,"column":33},"end":{"line":101,"column":43}},"28":{"start":{"line":103,"column":24},"end":{"line":103,"column":69}},"29":{"start":{"line":104,"column":25},"end":{"line":104,"column":57}},"30":{"start":{"line":105,"column":23},"end":{"line":105,"column":80}},"31":{"start":{"line":106,"column":8},"end":{"line":106,"column":74}},"32":{"start":{"line":110,"column":8},"end":{"line":110,"column":52}},"33":{"start":{"line":115,"column":8},"end":{"line":140,"column":9}},"34":{"start":{"line":116,"column":12},"end":{"line":139,"column":13}},"35":{"start":{"line":117,"column":16},"end":{"line":138,"column":25}},"36":{"start":{"line":123,"column":24},"end":{"line":123,"column":34}},"37":{"start":{"line":125,"column":40},"end":{"line":127,"column":21}},"38":{"start":{"line":128,"column":40},"end":{"line":130,"column":21}},"39":{"start":{"line":132,"column":20},"end":{"line":137,"column":21}},"40":{"start":{"line":133,"column":24},"end":{"line":136,"column":26}},"41":{"start":{"line":146,"column":8},"end":{"line":146,"column":35}},"42":{"start":{"line":150,"column":8},"end":{"line":157,"column":9}},"43":{"start":{"line":153,"column":47},"end":{"line":153,"column":77}},"44":{"start":{"line":155,"column":41},"end":{"line":155,"column":69}},"45":{"start":{"line":161,"column":59},"end":{"line":161,"column":69}},"46":{"start":{"line":162,"column":26},"end":{"line":162,"column":76}},"47":{"start":{"line":163,"column":25},"end":{"line":163,"column":75}},"48":{"start":{"line":164,"column":8},"end":{"line":170,"column":9}},"49":{"start":{"line":169,"column":12},"end":{"line":169,"column":26}},"50":{"start":{"line":171,"column":8},"end":{"line":171,"column":25}},"51":{"start":{"line":173,"column":8},"end":{"line":210,"column":9}},"52":{"start":{"line":182,"column":38},"end":{"line":182,"column":66}},"53":{"start":{"line":183,"column":38},"end":{"line":183,"column":66}},"54":{"start":{"line":187,"column":35},"end":{"line":187,"column":65}},"55":{"start":{"line":197,"column":38},"end":{"line":197,"column":66}},"56":{"start":{"line":198,"column":38},"end":{"line":198,"column":66}},"57":{"start":{"line":202,"column":35},"end":{"line":202,"column":65}}},"fnMap":{"0":{"name":"(anonymous_0)","decl":{"start":{"line":13,"column":4},"end":{"line":13,"column":5}},"loc":{"start":{"line":13,"column":23},"end":{"line":30,"column":5}},"line":13},"1":{"name":"(anonymous_1)","decl":{"start":{"line":32,"column":4},"end":{"line":32,"column":5}},"loc":{"start":{"line":32,"column":14},"end":{"line":43,"column":5}},"line":32},"2":{"name":"(anonymous_2)","decl":{"start":{"line":34,"column":36},"end":{"line":34,"column":37}},"loc":{"start":{"line":34,"column":44},"end":{"line":42,"column":9}},"line":34},"3":{"name":"(anonymous_3)","decl":{"start":{"line":45,"column":4},"end":{"line":45,"column":5}},"loc":{"start":{"line":45,"column":21},"end":{"line":59,"column":5}},"line":45},"4":{"name":"(anonymous_4)","decl":{"start":{"line":61,"column":4},"end":{"line":61,"column":5}},"loc":{"start":{"line":61,"column":41},"end":{"line":68,"column":5}},"line":61},"5":{"name":"(anonymous_5)","decl":{"start":{"line":63,"column":40},"end":{"line":63,"column":41}},"loc":{"start":{"line":63,"column":48},"end":{"line":65,"column":9}},"line":63},"6":{"name":"(anonymous_6)","decl":{"start":{"line":70,"column":4},"end":{"line":70,"column":5}},"loc":{"start":{"line":70,"column":21},"end":{"line":80,"column":5}},"line":70},"7":{"name":"(anonymous_7)","decl":{"start":{"line":82,"column":4},"end":{"line":82,"column":5}},"loc":{"start":{"line":82,"column":21},"end":{"line":86,"column":5}},"line":82},"8":{"name":"(anonymous_8)","decl":{"start":{"line":88,"column":4},"end":{"line":88,"column":5}},"loc":{"start":{"line":88,"column":20},"end":{"line":90,"column":5}},"line":88},"9":{"name":"(anonymous_9)","decl":{"start":{"line":92,"column":4},"end":{"line":92,"column":5}},"loc":{"start":{"line":92,"column":30},"end":{"line":97,"column":5}},"line":92},"10":{"name":"(anonymous_10)","decl":{"start":{"line":99,"column":4},"end":{"line":99,"column":5}},"loc":{"start":{"line":99,"column":28},"end":{"line":107,"column":5}},"line":99},"11":{"name":"(anonymous_11)","decl":{"start":{"line":109,"column":4},"end":{"line":109,"column":5}},"loc":{"start":{"line":109,"column":18},"end":{"line":111,"column":5}},"line":109},"12":{"name":"(anonymous_12)","decl":{"start":{"line":114,"column":4},"end":{"line":114,"column":5}},"loc":{"start":{"line":114,"column":17},"end":{"line":141,"column":5}},"line":114},"13":{"name":"(anonymous_13)","decl":{"start":{"line":117,"column":43},"end":{"line":117,"column":44}},"loc":{"start":{"line":117,"column":49},"end":{"line":138,"column":17}},"line":117},"14":{"name":"(anonymous_14)","decl":{"start":{"line":145,"column":4},"end":{"line":145,"column":5}},"loc":{"start":{"line":145,"column":16},"end":{"line":147,"column":5}},"line":145},"15":{"name":"(anonymous_15)","decl":{"start":{"line":149,"column":4},"end":{"line":149,"column":5}},"loc":{"start":{"line":149,"column":25},"end":{"line":158,"column":5}},"line":149},"16":{"name":"(anonymous_16)","decl":{"start":{"line":153,"column":30},"end":{"line":153,"column":31}},"loc":{"start":{"line":153,"column":47},"end":{"line":153,"column":77}},"line":153},"17":{"name":"(anonymous_17)","decl":{"start":{"line":155,"column":35},"end":{"line":155,"column":36}},"loc":{"start":{"line":155,"column":41},"end":{"line":155,"column":69}},"line":155},"18":{"name":"(anonymous_18)","decl":{"start":{"line":160,"column":4},"end":{"line":160,"column":5}},"loc":{"start":{"line":160,"column":13},"end":{"line":211,"column":5}},"line":160},"19":{"name":"(anonymous_19)","decl":{"start":{"line":182,"column":32},"end":{"line":182,"column":33}},"loc":{"start":{"line":182,"column":38},"end":{"line":182,"column":66}},"line":182},"20":{"name":"(anonymous_20)","decl":{"start":{"line":183,"column":32},"end":{"line":183,"column":33}},"loc":{"start":{"line":183,"column":38},"end":{"line":183,"column":66}},"line":183},"21":{"name":"(anonymous_21)","decl":{"start":{"line":187,"column":29},"end":{"line":187,"column":30}},"loc":{"start":{"line":187,"column":35},"end":{"line":187,"column":65}},"line":187},"22":{"name":"(anonymous_22)","decl":{"start":{"line":197,"column":32},"end":{"line":197,"column":33}},"loc":{"start":{"line":197,"column":38},"end":{"line":197,"column":66}},"line":197},"23":{"name":"(anonymous_23)","decl":{"start":{"line":198,"column":32},"end":{"line":198,"column":33}},"loc":{"start":{"line":198,"column":38},"end":{"line":198,"column":66}},"line":198},"24":{"name":"(anonymous_24)","decl":{"start":{"line":202,"column":29},"end":{"line":202,"column":30}},"loc":{"start":{"line":202,"column":35},"end":{"line":202,"column":65}},"line":202}},"branchMap":{"0":{"loc":{"start":{"line":35,"column":12},"end":{"line":41,"column":13}},"type":"if","locations":[{"start":{"line":35,"column":12},"end":{"line":41,"column":13}},{"start":{"line":35,"column":12},"end":{"line":41,"column":13}}],"line":35},"1":{"loc":{"start":{"line":37,"column":31},"end":{"line":37,"column":51}},"type":"binary-expr","locations":[{"start":{"line":37,"column":31},"end":{"line":37,"column":45}},{"start":{"line":37,"column":49},"end":{"line":37,"column":51}}],"line":37},"2":{"loc":{"start":{"line":38,"column":31},"end":{"line":38,"column":51}},"type":"binary-expr","locations":[{"start":{"line":38,"column":31},"end":{"line":38,"column":45}},{"start":{"line":38,"column":49},"end":{"line":38,"column":51}}],"line":38},"3":{"loc":{"start":{"line":48,"column":20},"end":{"line":48,"column":66}},"type":"cond-expr","locations":[{"start":{"line":48,"column":43},"end":{"line":48,"column":53}},{"start":{"line":48,"column":56},"end":{"line":48,"column":66}}],"line":48},"4":{"loc":{"start":{"line":83,"column":15},"end":{"line":85,"column":33}},"type":"cond-expr","locations":[{"start":{"line":84,"column":14},"end":{"line":84,"column":52}},{"start":{"line":85,"column":14},"end":{"line":85,"column":33}}],"line":83},"5":{"loc":{"start":{"line":89,"column":15},"end":{"line":89,"column":49}},"type":"cond-expr","locations":[{"start":{"line":89,"column":22},"end":{"line":89,"column":44}},{"start":{"line":89,"column":47},"end":{"line":89,"column":49}}],"line":89},"6":{"loc":{"start":{"line":105,"column":23},"end":{"line":105,"column":80}},"type":"cond-expr","locations":[{"start":{"line":105,"column":45},"end":{"line":105,"column":61}},{"start":{"line":105,"column":64},"end":{"line":105,"column":80}}],"line":105},"7":{"loc":{"start":{"line":115,"column":8},"end":{"line":140,"column":9}},"type":"if","locations":[{"start":{"line":115,"column":8},"end":{"line":140,"column":9}},{"start":{"line":115,"column":8},"end":{"line":140,"column":9}}],"line":115},"8":{"loc":{"start":{"line":115,"column":12},"end":{"line":115,"column":68}},"type":"binary-expr","locations":[{"start":{"line":115,"column":12},"end":{"line":115,"column":38}},{"start":{"line":115,"column":42},"end":{"line":115,"column":68}}],"line":115},"9":{"loc":{"start":{"line":116,"column":12},"end":{"line":139,"column":13}},"type":"if","locations":[{"start":{"line":116,"column":12},"end":{"line":139,"column":13}},{"start":{"line":116,"column":12},"end":{"line":139,"column":13}}],"line":116},"10":{"loc":{"start":{"line":132,"column":20},"end":{"line":137,"column":21}},"type":"if","locations":[{"start":{"line":132,"column":20},"end":{"line":137,"column":21}},{"start":{"line":132,"column":20},"end":{"line":137,"column":21}}],"line":132},"11":{"loc":{"start":{"line":132,"column":24},"end":{"line":132,"column":76}},"type":"binary-expr","locations":[{"start":{"line":132,"column":24},"end":{"line":132,"column":48}},{"start":{"line":132,"column":52},"end":{"line":132,"column":76}}],"line":132},"12":{"loc":{"start":{"line":162,"column":26},"end":{"line":162,"column":76}},"type":"cond-expr","locations":[{"start":{"line":162,"column":38},"end":{"line":162,"column":69}},{"start":{"line":162,"column":72},"end":{"line":162,"column":76}}],"line":162},"13":{"loc":{"start":{"line":163,"column":25},"end":{"line":163,"column":75}},"type":"cond-expr","locations":[{"start":{"line":163,"column":37},"end":{"line":163,"column":68}},{"start":{"line":163,"column":71},"end":{"line":163,"column":75}}],"line":163},"14":{"loc":{"start":{"line":164,"column":8},"end":{"line":170,"column":9}},"type":"if","locations":[{"start":{"line":164,"column":8},"end":{"line":170,"column":9}},{"start":{"line":164,"column":8},"end":{"line":170,"column":9}}],"line":164},"15":{"loc":{"start":{"line":165,"column":12},"end":{"line":167,"column":29}},"type":"binary-expr","locations":[{"start":{"line":165,"column":12},"end":{"line":165,"column":33}},{"start":{"line":166,"column":12},"end":{"line":166,"column":33}},{"start":{"line":167,"column":12},"end":{"line":167,"column":29}}],"line":165},"16":{"loc":{"start":{"line":178,"column":21},"end":{"line":178,"column":76}},"type":"cond-expr","locations":[{"start":{"line":178,"column":48},"end":{"line":178,"column":60}},{"start":{"line":178,"column":63},"end":{"line":178,"column":76}}],"line":178},"17":{"loc":{"start":{"line":191,"column":17},"end":{"line":193,"column":26}},"type":"cond-expr","locations":[{"start":{"line":192,"column":22},"end":{"line":192,"column":54}},{"start":{"line":193,"column":22},"end":{"line":193,"column":26}}],"line":191},"18":{"loc":{"start":{"line":206,"column":17},"end":{"line":208,"column":26}},"type":"cond-expr","locations":[{"start":{"line":207,"column":22},"end":{"line":207,"column":54}},{"start":{"line":208,"column":22},"end":{"line":208,"column":26}}],"line":206}},"s":{"0":1,"1":1,"2":1,"3":1,"4":1,"5":1,"6":0,"7":0,"8":0,"9":0,"10":0,"11":0,"12":0,"13":0,"14":0,"15":0,"16":0,"17":0,"18":0,"19":0,"20":0,"21":0,"22":2,"23":2,"24":0,"25":0,"26":0,"27":0,"28":0,"29":0,"30":0,"31":0,"32":0,"33":1,"34":0,"35":0,"36":0,"37":0,"38":0,"39":0,"40":0,"41":0,"42":0,"43":0,"44":0,"45":1,"46":1,"47":1,"48":1,"49":1,"50":1,"51":1,"52":0,"53":0,"54":0,"55":0,"56":0,"57":0},"f":{"0":1,"1":1,"2":0,"3":0,"4":0,"5":0,"6":0,"7":2,"8":2,"9":0,"10":0,"11":0,"12":1,"13":0,"14":0,"15":0,"16":0,"17":0,"18":1,"19":0,"20":0,"21":0,"22":0,"23":0,"24":0},"b":{"0":[0,0],"1":[0,0],"2":[0,0],"3":[0,0],"4":[0,2],"5":[0,2],"6":[0,0],"7":[0,1],"8":[1,1],"9":[0,0],"10":[0,0],"11":[0,0],"12":[1,0],"13":[1,0],"14":[1,0],"15":[1,1,1],"16":[1,0],"17":[0,1],"18":[0,1]},"_coverageSchema":"1a1c01bbd47fc00a2c39e90264f33305004495a9","hash":"c0b46a4a19e6b45ee2ba208885550dd5212bfc6b"}
,"/home/andrew/workspace/attinap/src/db-functions.js": {"path":"/home/andrew/workspace/attinap/src/db-functions.js","statementMap":{"0":{"start":{"line":3,"column":17},"end":{"line":3,"column":36}},"1":{"start":{"line":6,"column":4},"end":{"line":12,"column":6}},"2":{"start":{"line":7,"column":8},"end":{"line":11,"column":9}},"3":{"start":{"line":8,"column":12},"end":{"line":8,"column":58}},"4":{"start":{"line":10,"column":12},"end":{"line":10,"column":50}},"5":{"start":{"line":16,"column":4},"end":{"line":30,"column":9}},"6":{"start":{"line":21,"column":16},"end":{"line":21,"column":40}},"7":{"start":{"line":24,"column":16},"end":{"line":28,"column":17}},"8":{"start":{"line":25,"column":20},"end":{"line":25,"column":66}},"9":{"start":{"line":27,"column":20},"end":{"line":27,"column":58}},"10":{"start":{"line":34,"column":4},"end":{"line":40,"column":6}},"11":{"start":{"line":35,"column":8},"end":{"line":39,"column":9}},"12":{"start":{"line":36,"column":12},"end":{"line":36,"column":59}},"13":{"start":{"line":38,"column":12},"end":{"line":38,"column":52}}},"fnMap":{"0":{"name":"writeData","decl":{"start":{"line":5,"column":16},"end":{"line":5,"column":25}},"loc":{"start":{"line":5,"column":49},"end":{"line":13,"column":1}},"line":5},"1":{"name":"(anonymous_1)","decl":{"start":{"line":6,"column":51},"end":{"line":6,"column":52}},"loc":{"start":{"line":6,"column":60},"end":{"line":12,"column":5}},"line":6},"2":{"name":"readData","decl":{"start":{"line":15,"column":16},"end":{"line":15,"column":24}},"loc":{"start":{"line":15,"column":41},"end":{"line":31,"column":1}},"line":15},"3":{"name":"(anonymous_3)","decl":{"start":{"line":20,"column":12},"end":{"line":20,"column":13}},"loc":{"start":{"line":20,"column":24},"end":{"line":22,"column":13}},"line":20},"4":{"name":"(anonymous_4)","decl":{"start":{"line":23,"column":12},"end":{"line":23,"column":13}},"loc":{"start":{"line":23,"column":21},"end":{"line":29,"column":13}},"line":23},"5":{"name":"deleteEntry","decl":{"start":{"line":33,"column":16},"end":{"line":33,"column":27}},"loc":{"start":{"line":33,"column":47},"end":{"line":41,"column":1}},"line":33},"6":{"name":"(anonymous_6)","decl":{"start":{"line":34,"column":59},"end":{"line":34,"column":60}},"loc":{"start":{"line":34,"column":68},"end":{"line":40,"column":5}},"line":34}},"branchMap":{"0":{"loc":{"start":{"line":7,"column":8},"end":{"line":11,"column":9}},"type":"if","locations":[{"start":{"line":7,"column":8},"end":{"line":11,"column":9}},{"start":{"line":7,"column":8},"end":{"line":11,"column":9}}],"line":7},"1":{"loc":{"start":{"line":24,"column":16},"end":{"line":28,"column":17}},"type":"if","locations":[{"start":{"line":24,"column":16},"end":{"line":28,"column":17}},{"start":{"line":24,"column":16},"end":{"line":28,"column":17}}],"line":24},"2":{"loc":{"start":{"line":35,"column":8},"end":{"line":39,"column":9}},"type":"if","locations":[{"start":{"line":35,"column":8},"end":{"line":39,"column":9}},{"start":{"line":35,"column":8},"end":{"line":39,"column":9}}],"line":35}},"s":{"0":1,"1":0,"2":0,"3":0,"4":0,"5":1,"6":0,"7":0,"8":0,"9":0,"10":0,"11":0,"12":0,"13":0},"f":{"0":0,"1":0,"2":1,"3":0,"4":0,"5":0,"6":0},"b":{"0":[0,0],"1":[0,0],"2":[0,0]},"_coverageSchema":"1a1c01bbd47fc00a2c39e90264f33305004495a9","hash":"358353d432f469978f3a0ed2e165f1433d4f9ddc"}
,"/home/andrew/workspace/attinap/src/firebase.js": {"path":"/home/andrew/workspace/attinap/src/firebase.js","statementMap":{"0":{"start":{"line":3,"column":23},"end":{"line":11,"column":1}},"1":{"start":{"line":13,"column":0},"end":{"line":13,"column":38}}},"fnMap":{},"branchMap":{},"s":{"0":1,"1":1},"f":{},"b":{},"_coverageSchema":"1a1c01bbd47fc00a2c39e90264f33305004495a9","hash":"cb6fad431a778fec519588b6962b1436dd33c0ed"}
,"/home/andrew/workspace/attinap/src/components/Button.js": {"path":"/home/andrew/workspace/attinap/src/components/Button.js","statementMap":{"0":{"start":{"line":3,"column":15},"end":{"line":20,"column":1}},"1":{"start":{"line":4,"column":4},"end":{"line":19,"column":5}},"2":{"start":{"line":6,"column":35},"end":{"line":6,"column":53}},"3":{"start":{"line":10,"column":43},"end":{"line":10,"column":61}},"4":{"start":{"line":14,"column":43},"end":{"line":14,"column":58}}},"fnMap":{"0":{"name":"(anonymous_0)","decl":{"start":{"line":3,"column":15},"end":{"line":3,"column":16}},"loc":{"start":{"line":3,"column":24},"end":{"line":20,"column":1}},"line":3},"1":{"name":"(anonymous_1)","decl":{"start":{"line":6,"column":29},"end":{"line":6,"column":30}},"loc":{"start":{"line":6,"column":35},"end":{"line":6,"column":53}},"line":6},"2":{"name":"(anonymous_2)","decl":{"start":{"line":10,"column":37},"end":{"line":10,"column":38}},"loc":{"start":{"line":10,"column":43},"end":{"line":10,"column":61}},"line":10},"3":{"name":"(anonymous_3)","decl":{"start":{"line":14,"column":37},"end":{"line":14,"column":38}},"loc":{"start":{"line":14,"column":43},"end":{"line":14,"column":58}},"line":14}},"branchMap":{"0":{"loc":{"start":{"line":15,"column":21},"end":{"line":15,"column":67}},"type":"cond-expr","locations":[{"start":{"line":15,"column":41},"end":{"line":15,"column":54}},{"start":{"line":15,"column":57},"end":{"line":15,"column":67}}],"line":15}},"s":{"0":1,"1":2,"2":0,"3":0,"4":0},"f":{"0":2,"1":0,"2":0,"3":0},"b":{"0":[0,2]},"_coverageSchema":"1a1c01bbd47fc00a2c39e90264f33305004495a9","hash":"b295d3565f9ed7d4a1d0072c8572de94fa346c92"}
,"/home/andrew/workspace/attinap/src/components/TickTock.js": {"path":"/home/andrew/workspace/attinap/src/components/TickTock.js","statementMap":{"0":{"start":{"line":4,"column":17},"end":{"line":16,"column":1}},"1":{"start":{"line":5,"column":4},"end":{"line":15,"column":5}},"2":{"start":{"line":10,"column":43},"end":{"line":10,"column":74}}},"fnMap":{"0":{"name":"(anonymous_0)","decl":{"start":{"line":4,"column":17},"end":{"line":4,"column":18}},"loc":{"start":{"line":4,"column":26},"end":{"line":16,"column":1}},"line":4},"1":{"name":"(anonymous_1)","decl":{"start":{"line":10,"column":26},"end":{"line":10,"column":27}},"loc":{"start":{"line":10,"column":43},"end":{"line":10,"column":74}},"line":10}},"branchMap":{},"s":{"0":1,"1":0,"2":0},"f":{"0":0,"1":0},"b":{},"_coverageSchema":"1a1c01bbd47fc00a2c39e90264f33305004495a9","hash":"2c35aebf9eb4b73af91811ca4368bf8a25a6a90c"}
,"/home/andrew/workspace/attinap/src/config/CSSStub.js": {"path":"/home/andrew/workspace/attinap/src/config/CSSStub.js","statementMap":{"0":{"start":{"line":1,"column":0},"end":{"line":1,"column":19}}},"fnMap":{},"branchMap":{},"s":{"0":1},"f":{},"b":{},"_coverageSchema":"1a1c01bbd47fc00a2c39e90264f33305004495a9","hash":"e7a7b6f17837f6b3ac6fca6a21eedc426c7cacf0"}
}
