TN:
SF:src/App.js
FN:13,(anonymous_0)
FN:32,(anonymous_1)
FN:34,(anonymous_2)
FN:45,(anonymous_3)
FN:61,(anonymous_4)
FN:63,(anonymous_5)
FN:70,(anonymous_6)
FN:82,(anonymous_7)
FN:88,(anonymous_8)
FN:92,(anonymous_9)
FN:99,(anonymous_10)
FN:109,(anonymous_11)
FN:114,(anonymous_12)
FN:117,(anonymous_13)
FN:145,(anonymous_14)
FN:149,(anonymous_15)
FN:153,(anonymous_16)
FN:155,(anonymous_17)
FN:160,(anonymous_18)
FN:182,(anonymous_19)
FN:183,(anonymous_20)
FN:187,(anonymous_21)
FN:197,(anonymous_22)
FN:198,(anonymous_23)
FN:202,(anonymous_24)
FNF:25
FNH:6
FNDA:2,(anonymous_0)
FNDA:2,(anonymous_1)
FNDA:0,(anonymous_2)
FNDA:0,(anonymous_3)
FNDA:0,(anonymous_4)
FNDA:0,(anonymous_5)
FNDA:0,(anonymous_6)
FNDA:4,(anonymous_7)
FNDA:4,(anonymous_8)
FNDA:0,(anonymous_9)
FNDA:0,(anonymous_10)
FNDA:0,(anonymous_11)
FNDA:2,(anonymous_12)
FNDA:0,(anonymous_13)
FNDA:0,(anonymous_14)
FNDA:0,(anonymous_15)
FNDA:0,(anonymous_16)
FNDA:0,(anonymous_17)
FNDA:2,(anonymous_18)
FNDA:0,(anonymous_19)
FNDA:0,(anonymous_20)
FNDA:0,(anonymous_21)
FNDA:0,(anonymous_22)
FNDA:0,(anonymous_23)
FNDA:0,(anonymous_24)
DA:14,2
DA:15,2
DA:28,2
DA:29,2
DA:33,2
DA:34,2
DA:35,0
DA:36,0
DA:46,0
DA:47,0
DA:48,0
DA:49,0
DA:51,0
DA:63,0
DA:64,0
DA:67,0
DA:71,0
DA:72,0
DA:73,0
DA:75,0
DA:77,0
DA:79,0
DA:83,4
DA:89,4
DA:93,0
DA:94,0
DA:96,0
DA:101,0
DA:103,0
DA:104,0
DA:105,0
DA:106,0
DA:110,0
DA:115,2
DA:116,0
DA:117,0
DA:123,0
DA:125,0
DA:128,0
DA:132,0
DA:133,0
DA:146,0
DA:150,0
DA:153,0
DA:155,0
DA:161,2
DA:162,2
DA:163,2
DA:164,2
DA:169,2
DA:171,2
DA:173,2
DA:182,0
DA:183,0
DA:187,0
DA:197,0
DA:198,0
DA:202,0
LF:58
LH:16
BRDA:35,0,0,0
BRDA:35,0,1,0
BRDA:37,1,0,0
BRDA:37,1,1,0
BRDA:38,2,0,0
BRDA:38,2,1,0
BRDA:48,3,0,0
BRDA:48,3,1,0
BRDA:83,4,0,0
BRDA:83,4,1,4
BRDA:89,5,0,0
BRDA:89,5,1,4
BRDA:105,6,0,0
BRDA:105,6,1,0
BRDA:115,7,0,0
BRDA:115,7,1,2
BRDA:115,8,0,2
BRDA:115,8,1,2
BRDA:116,9,0,0
BRDA:116,9,1,0
BRDA:132,10,0,0
BRDA:132,10,1,0
BRDA:132,11,0,0
BRDA:132,11,1,0
BRDA:162,12,0,2
BRDA:162,12,1,0
BRDA:163,13,0,2
BRDA:163,13,1,0
BRDA:164,14,0,2
BRDA:164,14,1,0
BRDA:165,15,0,2
BRDA:165,15,1,2
BRDA:165,15,2,2
BRDA:178,16,0,2
BRDA:178,16,1,0
BRDA:191,17,0,0
BRDA:191,17,1,2
BRDA:206,18,0,0
BRDA:206,18,1,2
BRF:39
BRH:14
end_of_record
TN:
SF:src/db-functions.js
FN:5,writeData
FN:6,(anonymous_1)
FN:15,readData
FN:20,(anonymous_3)
FN:23,(anonymous_4)
FN:33,deleteEntry
FN:34,(anonymous_6)
FNF:7
FNH:1
FNDA:0,writeData
FNDA:0,(anonymous_1)
FNDA:2,readData
FNDA:0,(anonymous_3)
FNDA:0,(anonymous_4)
FNDA:0,deleteEntry
FNDA:0,(anonymous_6)
DA:3,1
DA:6,0
DA:7,0
DA:8,0
DA:10,0
DA:16,2
DA:21,0
DA:24,0
DA:25,0
DA:27,0
DA:34,0
DA:35,0
DA:36,0
DA:38,0
LF:14
LH:2
BRDA:7,0,0,0
BRDA:7,0,1,0
BRDA:24,1,0,0
BRDA:24,1,1,0
BRDA:35,2,0,0
BRDA:35,2,1,0
BRF:6
BRH:0
end_of_record
TN:
SF:src/firebase.js
FNF:0
FNH:0
DA:4,1
DA:14,1
LF:2
LH:2
BRF:0
BRH:0
end_of_record
TN:
SF:src/components/Button.js
FN:3,(anonymous_0)
FN:6,(anonymous_1)
FN:12,(anonymous_2)
FN:16,(anonymous_3)
FNF:4
FNH:1
FNDA:11,(anonymous_0)
FNDA:0,(anonymous_1)
FNDA:0,(anonymous_2)
FNDA:0,(anonymous_3)
DA:3,2
DA:4,11
DA:6,0
DA:12,0
DA:16,0
LF:5
LH:2
BRDA:17,0,0,1
BRDA:17,0,1,10
BRF:2
BRH:2
end_of_record
TN:
SF:src/components/TickTock.js
FN:4,(anonymous_0)
FN:10,(anonymous_1)
FNF:2
FNH:1
FNDA:2,(anonymous_0)
FNDA:0,(anonymous_1)
DA:4,2
DA:5,2
DA:10,0
LF:3
LH:2
BRF:0
BRH:0
end_of_record
TN:
SF:src/config/CSSStub.js
FNF:0
FNH:0
DA:1,1
LF:1
LH:1
BRF:0
BRH:0
end_of_record
